<?xml version="1.0" encoding="UTF-8"?>
<!-- Generated by org.testng.reporters.JUnitReportReporter -->
<testsuite hostname="DESKTOP-I5U5259" failures="0" tests="3" name="administration.Category_Module" time="36.198" errors="0" timestamp="2024-04-15T08:33:30 SAST" skipped="0">
  <testcase classname="administration.Category_Module" name="Validate_Login" time="11.406"/>
  <system-out/>
  <testcase classname="administration.Category_Module" name="Admin_Nav_to_div" time="8.177"/>
  <system-out/>
  <testcase classname="administration.Category_Module" name="Search_category" time="16.615"/>
  <system-out/>
</testsuite> <!-- administration.Category_Module -->
