<?xml version="1.0" encoding="UTF-8"?>
<!-- Generated by org.testng.reporters.JUnitReportReporter -->
<testsuite hostname="DESKTOP-I5U5259" failures="0" tests="2" name="administration.Division" time="19.643" errors="0" timestamp="2024-04-12T11:54:17 SAST" skipped="0">
  <testcase classname="administration.Division" name="Validate_Login" time="11.441"/>
  <system-out/>
  <testcase classname="administration.Division" name="Admin_Nav_to_div" time="8.202"/>
  <system-out/>
</testsuite> <!-- administration.Division -->
