<?xml version="1.0" encoding="UTF-8"?>
<!-- Generated by org.testng.reporters.JUnitReportReporter -->
<testsuite hostname="DESKTOP-I5U5259" failures="0" tests="3" name="administration.Longevity_Module" time="55.387" errors="0" timestamp="2024-04-15T09:35:22 SAST" skipped="0">
  <testcase classname="administration.Longevity_Module" name="Admin_Nav_to_div" time="8.193"/>
  <system-out/>
  <testcase classname="administration.Longevity_Module" name="List_longevity" time="35.754"/>
  <system-out/>
  <testcase classname="administration.Longevity_Module" name="Validate_Login" time="11.440"/>
  <system-out/>
</testsuite> <!-- administration.Longevity_Module -->
