<?xml version="1.0" encoding="UTF-8"?>
<!-- Generated by org.testng.reporters.JUnitReportReporter -->
<testsuite hostname="DESKTOP-I5U5259" failures="0" tests="2" name="administration.Company_Module" time="19.666" errors="0" timestamp="2024-04-12T11:54:17 SAST" skipped="0">
  <testcase classname="administration.Company_Module" name="Admin_Nav_to_comp" time="8.199"/>
  <system-out/>
  <testcase classname="administration.Company_Module" name="Validate_Login" time="11.467"/>
  <system-out/>
</testsuite> <!-- administration.Company_Module -->
