<?xml version="1.0" encoding="UTF-8"?>
<!-- Generated by org.testng.reporters.JUnitReportReporter -->
<testsuite hostname="DESKTOP-I5U5259" failures="0" tests="3" name="administration.Company_Module_UI" time="23.087" errors="0" timestamp="2024-04-16T15:36:59 SAST" skipped="0">
  <testcase classname="administration.Company_Module_UI" name="ListCompany_UI" time="0.329"/>
  <system-out/>
  <testcase classname="administration.Company_Module_UI" name="Validate_Login" time="14.298"/>
  <system-out/>
  <testcase classname="administration.Company_Module_UI" name="Admin_Nav_to_comp" time="8.460"/>
  <system-out/>
</testsuite> <!-- administration.Company_Module_UI -->
